<?xml version="1.0" encoding="UTF-8"?>
<testsuite xmlns:xsi="http://www.w3.org/2001/XMLSchema-instance" xsi:noNamespaceSchemaLocation="https://maven.apache.org/surefire/maven-surefire-plugin/xsd/surefire-test-report.xsd" name="occ.learning.test.CalculatorTest" time="1.142" tests="4" errors="0" skipped="0" failures="0">
  <properties>
    <property name="sun.desktop" value="windows"/>
    <property name="awt.toolkit" value="sun.awt.windows.WToolkit"/>
    <property name="java.specification.version" value="11"/>
    <property name="sun.cpu.isalist" value="amd64"/>
    <property name="sun.jnu.encoding" value="Cp1252"/>
    <property name="java.class.path" value="F:\workspace\Java\Netbeans\Projects\learning-test\target\test-classes;F:\workspace\Java\Netbeans\Projects\learning-test\target\classes;C:\Users\IHSI\.m2\repository\org\junit\jupiter\junit-jupiter\5.5.1\junit-jupiter-5.5.1.jar;C:\Users\IHSI\.m2\repository\org\junit\jupiter\junit-jupiter-api\5.5.1\junit-jupiter-api-5.5.1.jar;C:\Users\IHSI\.m2\repository\org\apiguardian\apiguardian-api\1.1.0\apiguardian-api-1.1.0.jar;C:\Users\IHSI\.m2\repository\org\opentest4j\opentest4j\1.2.0\opentest4j-1.2.0.jar;C:\Users\IHSI\.m2\repository\org\junit\platform\junit-platform-commons\1.5.1\junit-platform-commons-1.5.1.jar;C:\Users\IHSI\.m2\repository\org\junit\jupiter\junit-jupiter-params\5.5.1\junit-jupiter-params-5.5.1.jar;C:\Users\IHSI\.m2\repository\org\junit\jupiter\junit-jupiter-engine\5.5.1\junit-jupiter-engine-5.5.1.jar;C:\Users\IHSI\.m2\repository\org\junit\platform\junit-platform-engine\1.5.1\junit-platform-engine-1.5.1.jar;C:\Users\IHSI\.m2\repository\org\assertj\assertj-core\3.13.2\assertj-core-3.13.2.jar;C:\Users\IHSI\.m2\repository\commons-collections\commons-collections\3.2.2\commons-collections-3.2.2.jar;"/>
    <property name="java.vm.vendor" value="Oracle Corporation"/>
    <property name="sun.arch.data.model" value="64"/>
    <property name="user.variant" value=""/>
    <property name="java.vendor.url" value="http://java.oracle.com/"/>
    <property name="user.timezone" value="America/New_York"/>
    <property name="user.country.format" value="HT"/>
    <property name="java.vm.specification.version" value="11"/>
    <property name="os.name" value="Windows 10"/>
    <property name="sun.java.launcher" value="SUN_STANDARD"/>
    <property name="user.country" value="GB"/>
    <property name="sun.boot.library.path" value="C:\Program Files\Java\jdk-11.0.5\bin"/>
    <property name="sun.java.command" value="C:\Users\IHSI\AppData\Local\Temp\surefire6275505606223914225\surefirebooter5354049986352035277.jar C:\Users\IHSI\AppData\Local\Temp\surefire6275505606223914225 2019-12-13T19-23-57_006-jvmRun1 surefire9012244506050491980tmp surefire_016351611407692244225tmp"/>
    <property name="jdk.debug" value="release"/>
    <property name="surefire.test.class.path" value="F:\workspace\Java\Netbeans\Projects\learning-test\target\test-classes;F:\workspace\Java\Netbeans\Projects\learning-test\target\classes;C:\Users\IHSI\.m2\repository\org\junit\jupiter\junit-jupiter\5.5.1\junit-jupiter-5.5.1.jar;C:\Users\IHSI\.m2\repository\org\junit\jupiter\junit-jupiter-api\5.5.1\junit-jupiter-api-5.5.1.jar;C:\Users\IHSI\.m2\repository\org\apiguardian\apiguardian-api\1.1.0\apiguardian-api-1.1.0.jar;C:\Users\IHSI\.m2\repository\org\opentest4j\opentest4j\1.2.0\opentest4j-1.2.0.jar;C:\Users\IHSI\.m2\repository\org\junit\platform\junit-platform-commons\1.5.1\junit-platform-commons-1.5.1.jar;C:\Users\IHSI\.m2\repository\org\junit\jupiter\junit-jupiter-params\5.5.1\junit-jupiter-params-5.5.1.jar;C:\Users\IHSI\.m2\repository\org\junit\jupiter\junit-jupiter-engine\5.5.1\junit-jupiter-engine-5.5.1.jar;C:\Users\IHSI\.m2\repository\org\junit\platform\junit-platform-engine\1.5.1\junit-platform-engine-1.5.1.jar;C:\Users\IHSI\.m2\repository\org\assertj\assertj-core\3.13.2\assertj-core-3.13.2.jar;C:\Users\IHSI\.m2\repository\commons-collections\commons-collections\3.2.2\commons-collections-3.2.2.jar;"/>
    <property name="sun.cpu.endian" value="little"/>
    <property name="user.home" value="C:\Users\IHSI"/>
    <property name="user.language" value="en"/>
    <property name="java.specification.vendor" value="Oracle Corporation"/>
    <property name="java.version.date" value="2019-10-15"/>
    <property name="java.home" value="C:\Program Files\Java\jdk-11.0.5"/>
    <property name="file.separator" value="\"/>
    <property name="basedir" value="F:\workspace\Java\Netbeans\Projects\learning-test"/>
    <property name="java.vm.compressedOopsMode" value="32-bit"/>
    <property name="line.separator" value="&#10;"/>
    <property name="java.specification.name" value="Java Platform API Specification"/>
    <property name="java.vm.specification.vendor" value="Oracle Corporation"/>
    <property name="java.awt.graphicsenv" value="sun.awt.Win32GraphicsEnvironment"/>
    <property name="surefire.real.class.path" value="C:\Users\IHSI\AppData\Local\Temp\surefire6275505606223914225\surefirebooter5354049986352035277.jar"/>
    <property name="user.script" value=""/>
    <property name="sun.management.compiler" value="HotSpot 64-Bit Tiered Compilers"/>
    <property name="java.runtime.version" value="11.0.5+10-LTS"/>
    <property name="user.name" value="IHSI"/>
    <property name="path.separator" value=";"/>
    <property name="os.version" value="10.0"/>
    <property name="java.runtime.name" value="Java(TM) SE Runtime Environment"/>
    <property name="file.encoding" value="Cp1252"/>
    <property name="java.vm.name" value="Java HotSpot(TM) 64-Bit Server VM"/>
    <property name="java.vendor.version" value="18.9"/>
    <property name="localRepository" value="C:\Users\IHSI\.m2\repository"/>
    <property name="java.vendor.url.bug" value="http://bugreport.java.com/bugreport/"/>
    <property name="java.io.tmpdir" value="C:\Users\IHSI\AppData\Local\Temp\"/>
    <property name="java.version" value="11.0.5"/>
    <property name="user.dir" value="F:\workspace\Java\Netbeans\Projects\learning-test"/>
    <property name="os.arch" value="amd64"/>
    <property name="java.vm.specification.name" value="Java Virtual Machine Specification"/>
    <property name="java.awt.printerjob" value="sun.awt.windows.WPrinterJob"/>
    <property name="user.language.format" value="fr"/>
    <property name="sun.os.patch.level" value=""/>
    <property name="java.library.path" value="C:\Program Files\Java\jdk-11.0.5\bin;C:\WINDOWS\Sun\Java\bin;C:\WINDOWS\system32;C:\WINDOWS;C:/Program Files/Java/jdk-11.0.5/bin/server;C:/Program Files/Java/jdk-11.0.5/bin;C:\ProgramData\DockerDesktop\version-bin;C:\Program Files\Docker\Docker\Resources\bin;C:\windows\system32;C:\windows;C:\windows\System32\Wbem;C:\windows\System32\WindowsPowerShell\v1.0\;C:\Users\IHSI\AppData\Local\Microsoft\WindowsApps;C:\Program Files (x86)\RGPH-Supervision\adb;C:\Program Files (x86)\Windows Kits\8.1\Windows Performance Toolkit\;C:\Program Files\Microsoft SQL Server\110\Tools\Binn\;%JAVA_HOME%;F:\Data\apache-maven-3.6.0;F:\Data\apache-maven-3.6.0\bin;C:\Program Files\Microsoft\Web Platform Installer\;%JBOSS_HOME%;C:\WINDOWS\system32;C:\WINDOWS;C:\WINDOWS\System32\Wbem;C:\WINDOWS\System32\WindowsPowerShell\v1.0\;C:\Program Files\Microsoft SQL Server\Client SDK\ODBC\110\Tools\Binn\;C:\Program Files (x86)\Microsoft SQL Server\120\Tools\Binn\;C:\Program Files\Microsoft SQL Server\120\Tools\Binn\;C:\Program Files\Microsoft SQL Server\120\DTS\Binn\;C:\Program Files (x86)\Microsoft SQL Server\120\Tools\Binn\ManagementStudio\;C:\Program Files (x86)\Microsoft SQL Server\120\DTS\Binn\;%MAVEN_HOME%;C:\WINDOWS\System32\OpenSSH\;C:\Program Files\Intel\WiFi\bin\;C:\Program Files\Common Files\Intel\WirelessCommon\;C:\Program Files (x86)\Intel\Intel(R) Management Engine Components\DAL;C:\Program Files\Intel\Intel(R) Management Engine Components\DAL;C:\Program Files\nodejs\;C:\Program Files\Microsoft VS Code\bin;C:\Program Files\dotnet\;C:\Program Files\Microsoft SQL Server\130\Tools\Binn\;C:\Program Files\Microsoft SQL Server\Client SDK\ODBC\170\Tools\Binn\;C:\Users\IHSI\AppData\Local\Microsoft\WindowsApps;C:\Program Files\Microsoft VS Code\bin;F:\Data\apache-maven-3.6.0\bin;C:\Users\IHSI\AppData\Roaming\npm;C:\Program Files\Java\jdk-11.0.5\bin;;F:\eclipse-jee-2019-09-R-win32-x86_64\eclipse;;."/>
    <property name="java.vendor" value="Oracle Corporation"/>
    <property name="java.vm.info" value="mixed mode"/>
    <property name="java.vm.version" value="11.0.5+10-LTS"/>
    <property name="sun.io.unicode.encoding" value="UnicodeLittle"/>
    <property name="java.class.version" value="55.0"/>
  </properties>
  <testcase name="testAddTwoPositiveNumber{int, int, int}[1]" classname="occ.learning.test.CalculatorTest" time="0.699"/>
  <testcase name="testAddTwoPositiveNumber{int, int, int}[2]" classname="occ.learning.test.CalculatorTest" time="0.044"/>
  <testcase name="testMultiplyTwoPositiveNumbers" classname="occ.learning.test.CalculatorTest" time="0.01"/>
  <testcase name="testDigitInNumbers" classname="occ.learning.test.CalculatorTest" time="0.026"/>
</testsuite>